time="2022-11-10T16:26:03+03:00" level=info msg="create router" func="main.main()" file="app.go:17"
time="2022-11-10T16:26:03+03:00" level=info msg="read app's config" func="avitoIntershipBackend/internal/config.GetConfig.func1()" file="config.go:33"
time="2022-11-10T16:26:03+03:00" level=info func="avitoIntershipBackend/internal/config.GetConfig.func1()" file="config.go:37"
time="2022-11-10T16:26:03+03:00" level=fatal msg="config file parsing error: EOF" func="avitoIntershipBackend/internal/config.GetConfig.func1()" file="config.go:38"
time="2022-11-10T16:34:49+03:00" level=info msg="create router" func="main.main()" file="app.go:17"
time="2022-11-10T16:34:49+03:00" level=info msg="read app's config" func="avitoIntershipBackend/internal/config.GetConfig.func1()" file="config.go:33"
time="2022-11-10T16:34:49+03:00" level=info msg="register user handler" func="main.main()" file="app.go:22"
time="2022-11-10T16:34:49+03:00" level=info msg="Start application" func="main.start()" file="app.go:32"
time="2022-11-10T16:34:49+03:00" level=info msg="listen tcp" func="main.start()" file="app.go:38"
time="2022-11-10T16:34:49+03:00" level=info msg="server is listening on port 0.0.0.0:8080" func="main.start()" file="app.go:40"
time="2022-11-11T16:35:58+03:00" level=info msg="create router" func="main.main()" file="app.go:20"
time="2022-11-11T16:35:58+03:00" level=info msg="read app's config" func="avitoIntershipBackend/internal/config.GetConfig.func1()" file="config.go:33"
time="2022-11-11T16:35:58+03:00" level=info msg="register user handler" func="main.main()" file="app.go:25"
time="2022-11-11T16:35:58+03:00" level=trace msg="SQL Query: %!s(MISSING)INSERT INTO \"user\" (balance) VALUES ($1) RETURNING id" func="avitoIntershipBackend/internal/user/db.(*repository).Create()" file="postgresql.go:20"
time="2022-11-11T16:35:58+03:00" level=trace msg="SQL Query: SELECT id, balance FROM \"user\";" func="avitoIntershipBackend/internal/user/db.(*repository).FindAll()" file="postgresql.go:38"
time="2022-11-11T16:37:14+03:00" level=info msg="create router" func="main.main()" file="app.go:20"
time="2022-11-11T16:37:14+03:00" level=info msg="read app's config" func="avitoIntershipBackend/internal/config.GetConfig.func1()" file="config.go:33"
time="2022-11-11T16:37:14+03:00" level=info msg="register user handler" func="main.main()" file="app.go:25"
time="2022-11-11T16:37:14+03:00" level=trace msg="SQL Query: %!s(MISSING)INSERT INTO \"user\" (balance) VALUES ($1) RETURNING id" func="avitoIntershipBackend/internal/user/db.(*repository).Create()" file="postgresql.go:20"
time="2022-11-11T16:37:14+03:00" level=trace msg="SQL Query: SELECT id, balance FROM \"user\";" func="avitoIntershipBackend/internal/user/db.(*repository).FindAll()" file="postgresql.go:38"
time="2022-11-11T16:37:35+03:00" level=info msg="create router" func="main.main()" file="app.go:20"
time="2022-11-11T16:37:35+03:00" level=info msg="read app's config" func="avitoIntershipBackend/internal/config.GetConfig.func1()" file="config.go:33"
time="2022-11-11T16:37:35+03:00" level=info msg="register user handler" func="main.main()" file="app.go:25"
time="2022-11-11T16:37:35+03:00" level=trace msg="SQL Query: %!s(MISSING)INSERT INTO \"user\" (balance) VALUES ($1) RETURNING id" func="avitoIntershipBackend/internal/user/db.(*repository).Create()" file="postgresql.go:20"
time="2022-11-11T16:37:35+03:00" level=trace msg="SQL Query: SELECT id, balance FROM \"user\";" func="avitoIntershipBackend/internal/user/db.(*repository).FindAll()" file="postgresql.go:38"
time="2022-11-11T16:37:49+03:00" level=info msg="create router" func="main.main()" file="app.go:20"
time="2022-11-11T16:37:49+03:00" level=info msg="read app's config" func="avitoIntershipBackend/internal/config.GetConfig.func1()" file="config.go:33"
time="2022-11-11T16:37:49+03:00" level=info msg="register user handler" func="main.main()" file="app.go:25"
time="2022-11-11T16:37:56+03:00" level=trace msg="SQL Query: %!s(MISSING)INSERT INTO \"user\" (balance) VALUES ($1) RETURNING id" func="avitoIntershipBackend/internal/user/db.(*repository).Create()" file="postgresql.go:20"
time="2022-11-11T16:38:11+03:00" level=trace msg="SQL Query: SELECT id, balance FROM \"user\";" func="avitoIntershipBackend/internal/user/db.(*repository).FindAll()" file="postgresql.go:38"
time="2022-11-11T16:39:19+03:00" level=info msg="create router" func="main.main()" file="app.go:20"
time="2022-11-11T16:39:19+03:00" level=info msg="read app's config" func="avitoIntershipBackend/internal/config.GetConfig.func1()" file="config.go:33"
time="2022-11-11T16:39:19+03:00" level=info msg="register user handler" func="main.main()" file="app.go:25"
time="2022-11-11T16:39:46+03:00" level=trace msg="SQL Query: %!s(MISSING)INSERT INTO \"user\" (balance) VALUES ($1) RETURNING id" func="avitoIntershipBackend/internal/user/db.(*repository).Create()" file="postgresql.go:20"
time="2022-11-11T16:44:11+03:00" level=info msg="create router" func="main.main()" file="app.go:20"
time="2022-11-11T16:44:11+03:00" level=info msg="read app's config" func="avitoIntershipBackend/internal/config.GetConfig.func1()" file="config.go:33"
time="2022-11-11T16:44:11+03:00" level=info msg="register user handler" func="main.main()" file="app.go:25"
time="2022-11-11T16:44:15+03:00" level=trace msg="SQL Query: %!s(MISSING)INSERT INTO \"user\" (balance) VALUES ($1) RETURNING id" func="avitoIntershipBackend/internal/user/db.(*repository).Create()" file="postgresql.go:20"
time="2022-11-11T16:44:45+03:00" level=trace msg="SQL Query: SELECT id, balance FROM \"user\";" func="avitoIntershipBackend/internal/user/db.(*repository).FindAll()" file="postgresql.go:38"
time="2022-11-11T16:45:51+03:00" level=info msg="create router" func="main.main()" file="app.go:20"
time="2022-11-11T16:45:51+03:00" level=info msg="read app's config" func="avitoIntershipBackend/internal/config.GetConfig.func1()" file="config.go:33"
time="2022-11-11T16:45:51+03:00" level=info msg="register user handler" func="main.main()" file="app.go:25"
time="2022-11-11T16:45:55+03:00" level=trace msg="SQL Query: %!s(MISSING)INSERT INTO \"user\" (balance) VALUES ($1) RETURNING id" func="avitoIntershipBackend/internal/user/db.(*repository).Create()" file="postgresql.go:20"
time="2022-11-11T16:46:03+03:00" level=trace msg="SQL Query: SELECT id, balance FROM \"user\";" func="avitoIntershipBackend/internal/user/db.(*repository).FindAll()" file="postgresql.go:38"
time="2022-11-11T17:03:44+03:00" level=info msg="create router" func="main.main()" file="app.go:20"
time="2022-11-11T17:03:44+03:00" level=info msg="read app's config" func="avitoIntershipBackend/internal/config.GetConfig.func1()" file="config.go:33"
time="2022-11-11T17:03:44+03:00" level=info msg="register user handler" func="main.main()" file="app.go:25"
time="2022-11-11T17:03:44+03:00" level=trace msg="SQL Query: %!s(MISSING)INSERT INTO \"user\" (balance) VALUES ($1) RETURNING id" func="avitoIntershipBackend/internal/user/db.(*repository).Create()" file="postgresql.go:20"
time="2022-11-11T17:03:44+03:00" level=trace msg="SQL Query: SELECT id, balance FROM \"user\";" func="avitoIntershipBackend/internal/user/db.(*repository).FindAll()" file="postgresql.go:38"
time="2022-11-11T17:03:44+03:00" level=info msg="Start application" func="main.start()" file="app.go:54"
time="2022-11-11T17:03:44+03:00" level=info msg="listen tcp" func="main.start()" file="app.go:60"
time="2022-11-11T17:03:44+03:00" level=info msg="server is listening on port 0.0.0.0:8080" func="main.start()" file="app.go:62"
time="2022-11-11T17:04:19+03:00" level=info msg="create router" func="main.main()" file="app.go:20"
time="2022-11-11T17:04:19+03:00" level=info msg="read app's config" func="avitoIntershipBackend/internal/config.GetConfig.func1()" file="config.go:33"
time="2022-11-11T17:04:19+03:00" level=info msg="register user handler" func="main.main()" file="app.go:25"
time="2022-11-11T17:04:19+03:00" level=trace msg="SQL Query: %!s(MISSING)INSERT INTO \"user\" (balance) VALUES ($1) RETURNING id" func="avitoIntershipBackend/internal/user/db.(*repository).Create()" file="postgresql.go:20"
time="2022-11-11T17:04:35+03:00" level=trace msg="SQL Query: SELECT id, balance FROM \"user\";" func="avitoIntershipBackend/internal/user/db.(*repository).FindAll()" file="postgresql.go:38"
time="2022-11-11T17:04:49+03:00" level=info msg="Start application" func="main.start()" file="app.go:54"
time="2022-11-11T17:04:49+03:00" level=info msg="listen tcp" func="main.start()" file="app.go:60"
time="2022-11-11T17:04:49+03:00" level=info msg="server is listening on port 0.0.0.0:8080" func="main.start()" file="app.go:62"
time="2022-11-11T17:05:29+03:00" level=info msg="create router" func="main.main()" file="app.go:20"
time="2022-11-11T17:05:29+03:00" level=info msg="read app's config" func="avitoIntershipBackend/internal/config.GetConfig.func1()" file="config.go:33"
time="2022-11-11T17:05:29+03:00" level=info msg="register user handler" func="main.main()" file="app.go:25"
time="2022-11-11T17:05:29+03:00" level=trace msg="SQL Query: %!s(MISSING)INSERT INTO \"user\" (balance) VALUES ($1) RETURNING id" func="avitoIntershipBackend/internal/user/db.(*repository).Create()" file="postgresql.go:20"
time="2022-11-11T17:05:32+03:00" level=trace msg="SQL Query: SELECT id, balance FROM \"user\" WHERE id = $1" func="avitoIntershipBackend/internal/user/db.(*repository).FindOne()" file="postgresql.go:67"
time="2022-11-11T17:07:10+03:00" level=info msg="create router" func="main.main()" file="app.go:20"
time="2022-11-11T17:07:10+03:00" level=info msg="read app's config" func="avitoIntershipBackend/internal/config.GetConfig.func1()" file="config.go:33"
time="2022-11-11T17:07:10+03:00" level=info msg="register user handler" func="main.main()" file="app.go:25"
time="2022-11-11T17:07:11+03:00" level=trace msg="SQL Query: UPDATE \"user\" SET balance = $2 WHERE id = $1" func="avitoIntershipBackend/internal/user/db.(*repository).Update()" file="postgresql.go:81"
time="2022-11-11T17:08:42+03:00" level=info msg="create router" func="main.main()" file="app.go:20"
time="2022-11-11T17:08:42+03:00" level=info msg="read app's config" func="avitoIntershipBackend/internal/config.GetConfig.func1()" file="config.go:33"
time="2022-11-11T17:08:42+03:00" level=info msg="register user handler" func="main.main()" file="app.go:25"
time="2022-11-11T17:08:47+03:00" level=trace msg="SQL Query: UPDATE \"user\" SET balance = $2 WHERE id = $1" func="avitoIntershipBackend/internal/user/db.(*repository).Update()" file="postgresql.go:81"
time="2022-11-11T17:09:18+03:00" level=info msg="create router" func="main.main()" file="app.go:20"
time="2022-11-11T17:09:18+03:00" level=info msg="read app's config" func="avitoIntershipBackend/internal/config.GetConfig.func1()" file="config.go:33"
time="2022-11-11T17:09:18+03:00" level=info msg="register user handler" func="main.main()" file="app.go:25"
time="2022-11-11T17:09:20+03:00" level=trace msg="SQL Query: UPDATE \"user\" SET balance = $2 WHERE id = $1" func="avitoIntershipBackend/internal/user/db.(*repository).Update()" file="postgresql.go:81"
time="2022-11-11T17:11:21+03:00" level=info msg="create router" func="main.main()" file="app.go:20"
time="2022-11-11T17:11:21+03:00" level=info msg="read app's config" func="avitoIntershipBackend/internal/config.GetConfig.func1()" file="config.go:33"
time="2022-11-11T17:11:21+03:00" level=info msg="register user handler" func="main.main()" file="app.go:25"
time="2022-11-11T17:11:25+03:00" level=trace msg="SQL Query: UPDATE \"user\" SET balance = $2 WHERE id = $1" func="avitoIntershipBackend/internal/user/db.(*repository).Update()" file="postgresql.go:81"
time="2022-11-11T17:12:20+03:00" level=info msg="create router" func="main.main()" file="app.go:20"
time="2022-11-11T17:12:20+03:00" level=info msg="read app's config" func="avitoIntershipBackend/internal/config.GetConfig.func1()" file="config.go:33"
time="2022-11-11T17:12:20+03:00" level=info msg="register user handler" func="main.main()" file="app.go:25"
time="2022-11-11T17:12:26+03:00" level=trace msg="SQL Query: UPDATE \"user\" SET balance = $2 WHERE id = $1" func="avitoIntershipBackend/internal/user/db.(*repository).Update()" file="postgresql.go:81"
time="2022-11-11T17:13:56+03:00" level=info msg="create router" func="main.main()" file="app.go:20"
time="2022-11-11T17:13:56+03:00" level=info msg="read app's config" func="avitoIntershipBackend/internal/config.GetConfig.func1()" file="config.go:33"
time="2022-11-11T17:13:56+03:00" level=info msg="register user handler" func="main.main()" file="app.go:25"
time="2022-11-11T17:14:01+03:00" level=trace msg="SQL Query: UPDATE \"user\" SET balance = $2 WHERE id = $1" func="avitoIntershipBackend/internal/user/db.(*repository).Update()" file="postgresql.go:81"
time="2022-11-11T17:15:34+03:00" level=info msg="create router" func="main.main()" file="app.go:20"
time="2022-11-11T17:15:34+03:00" level=info msg="read app's config" func="avitoIntershipBackend/internal/config.GetConfig.func1()" file="config.go:33"
time="2022-11-11T17:15:34+03:00" level=info msg="register user handler" func="main.main()" file="app.go:25"
time="2022-11-11T17:15:39+03:00" level=trace msg="SQL Query: UPDATE \"user\" SET balance = $2 WHERE id = $1" func="avitoIntershipBackend/internal/user/db.(*repository).Update()" file="postgresql.go:81"
time="2022-11-11T17:19:07+03:00" level=info msg="create router" func="main.main()" file="app.go:20"
time="2022-11-11T17:19:07+03:00" level=info msg="read app's config" func="avitoIntershipBackend/internal/config.GetConfig.func1()" file="config.go:33"
time="2022-11-11T17:19:07+03:00" level=info msg="register user handler" func="main.main()" file="app.go:25"
time="2022-11-11T17:19:12+03:00" level=trace msg="SQL Query: UPDATE \"user\" SET balance = $2 WHERE id = $1" func="avitoIntershipBackend/internal/user/db.(*repository).Update()" file="postgresql.go:81"
time="2022-11-11T17:19:27+03:00" level=info msg="Start application" func="main.start()" file="app.go:49"
time="2022-11-11T17:19:27+03:00" level=info msg="listen tcp" func="main.start()" file="app.go:55"
time="2022-11-11T17:19:27+03:00" level=info msg="server is listening on port 0.0.0.0:8080" func="main.start()" file="app.go:57"
time="2022-11-11T17:20:32+03:00" level=info msg="create router" func="main.main()" file="app.go:20"
time="2022-11-11T17:20:32+03:00" level=info msg="read app's config" func="avitoIntershipBackend/internal/config.GetConfig.func1()" file="config.go:33"
time="2022-11-11T17:20:32+03:00" level=info msg="register user handler" func="main.main()" file="app.go:25"
time="2022-11-11T17:20:37+03:00" level=trace msg="SQL Query: DELETE FROM \"user\" WHERE id = $1;" func="avitoIntershipBackend/internal/user/db.(*repository).Delete()" file="postgresql.go:99"
time="2022-11-11T17:21:32+03:00" level=info msg="create router" func="main.main()" file="app.go:20"
time="2022-11-11T17:21:32+03:00" level=info msg="read app's config" func="avitoIntershipBackend/internal/config.GetConfig.func1()" file="config.go:33"
time="2022-11-11T17:21:32+03:00" level=info msg="register user handler" func="main.main()" file="app.go:25"
time="2022-11-11T17:21:32+03:00" level=trace msg="SQL Query: DELETE FROM \"user\" WHERE id = $1;" func="avitoIntershipBackend/internal/user/db.(*repository).Delete()" file="postgresql.go:99"
time="2022-11-11T17:21:32+03:00" level=info msg="Start application" func="main.start()" file="app.go:47"
time="2022-11-11T17:21:32+03:00" level=info msg="listen tcp" func="main.start()" file="app.go:53"
time="2022-11-11T17:21:32+03:00" level=info msg="server is listening on port 0.0.0.0:8080" func="main.start()" file="app.go:55"
time="2022-11-11T17:21:55+03:00" level=info msg="create router" func="main.main()" file="app.go:20"
time="2022-11-11T17:21:55+03:00" level=info msg="read app's config" func="avitoIntershipBackend/internal/config.GetConfig.func1()" file="config.go:33"
time="2022-11-11T17:21:55+03:00" level=info msg="register user handler" func="main.main()" file="app.go:25"
time="2022-11-11T17:22:03+03:00" level=trace msg="SQL Query: DELETE FROM \"user\" WHERE id = $1;" func="avitoIntershipBackend/internal/user/db.(*repository).Delete()" file="postgresql.go:99"
time="2022-11-11T17:22:19+03:00" level=info msg="Start application" func="main.start()" file="app.go:47"
time="2022-11-11T17:22:19+03:00" level=info msg="listen tcp" func="main.start()" file="app.go:53"
time="2022-11-11T17:22:19+03:00" level=info msg="server is listening on port 0.0.0.0:8080" func="main.start()" file="app.go:55"
time="2022-11-11T23:24:03+03:00" level=info msg="create router" func="main.main()" file="app.go:22"
time="2022-11-11T23:24:03+03:00" level=info msg="read app's config" func="avitoIntershipBackend/internal/config.GetConfig.func1()" file="config.go:33"
time="2022-11-11T23:24:03+03:00" level=info msg="register user handler" func="main.main()" file="app.go:27"
time="2022-11-11T23:24:21+03:00" level=trace msg="SQL Query: %!s(MISSING)INSERT INTO service (name, price) VALUES ($1, $2) RETURNING id" func="avitoIntershipBackend/internal/service/db.(*repository).Create()" file="postgresql.go:20"
time="2022-11-11T23:24:27+03:00" level=trace msg="SQL Query: SELECT id, name, price FROM service;" func="avitoIntershipBackend/internal/service/db.(*repository).FindAll()" file="postgresql.go:38"
time="2022-11-11T23:24:28+03:00" level=trace msg="SQL Query: SELECT id, name, price FROM service WHERE id = $1" func="avitoIntershipBackend/internal/service/db.(*repository).FindOne()" file="postgresql.go:67"
time="2022-11-11T23:24:38+03:00" level=trace msg="SQL Query: UPDATE service SET name = $2, price = $3 WHERE id = $1" func="avitoIntershipBackend/internal/service/db.(*repository).Update()" file="postgresql.go:81"
time="2022-11-11T23:24:43+03:00" level=trace msg="SQL Query: DELETE FROM service WHERE id = $1;" func="avitoIntershipBackend/internal/service/db.(*repository).Delete()" file="postgresql.go:99"
time="2022-11-11T23:24:54+03:00" level=trace msg="SQL Query: DELETE FROM \"user\" WHERE id = $1;" func="avitoIntershipBackend/internal/user/db.(*repository).Delete()" file="postgresql.go:99"
time="2022-11-11T23:24:54+03:00" level=info msg="Start application" func="main.start()" file="app.go:65"
time="2022-11-11T23:24:54+03:00" level=info msg="listen tcp" func="main.start()" file="app.go:71"
time="2022-11-11T23:24:54+03:00" level=info msg="server is listening on port 0.0.0.0:8080" func="main.start()" file="app.go:73"
time="2022-11-11T23:45:32+03:00" level=info msg="create router" func="main.main()" file="app.go:22"
time="2022-11-11T23:45:32+03:00" level=info msg="read app's config" func="avitoIntershipBackend/internal/config.GetConfig.func1()" file="config.go:33"
time="2022-11-11T23:45:32+03:00" level=info msg="register user handler" func="main.main()" file="app.go:27"
time="2022-11-11T23:45:44+03:00" level=trace msg="SQL Query: %!s(MISSING)INSERT INTO masterBalance (fromid, serviceid, orderid, moneyamount) VALUES ($1, $2, $3, $4) RETURNING id" func="avitoIntershipBackend/internal/masterBalance/db.(*repository).Create()" file="postgresql.go:20"
time="2022-11-11T23:45:55+03:00" level=trace msg="SQL Query: SELECT id, fromid, serviceid, orderid, moneyamount FROM masterbalance;" func="avitoIntershipBackend/internal/masterBalance/db.(*repository).FindAll()" file="postgresql.go:38"
time="2022-11-11T23:45:56+03:00" level=trace msg="SQL Query: SELECT id, fromid, serviceid, orderid, moneyamount FROM masterbalance WHERE id = $1" func="avitoIntershipBackend/internal/masterBalance/db.(*repository).FindOne()" file="postgresql.go:67"
time="2022-11-11T23:45:58+03:00" level=trace msg="SQL Query: UPDATE masterbalance SET fromid = $2, serviceid = $3, orderid = $4, moneyamount = $5 WHERE id = $1" func="avitoIntershipBackend/internal/masterBalance/db.(*repository).Update()" file="postgresql.go:81"
time="2022-11-11T23:46:03+03:00" level=trace msg="SQL Query: DELETE FROM masterbalance WHERE id = $1;" func="avitoIntershipBackend/internal/masterBalance/db.(*repository).Delete()" file="postgresql.go:99"
time="2022-11-11T23:46:41+03:00" level=info msg="create router" func="main.main()" file="app.go:22"
time="2022-11-11T23:46:41+03:00" level=info msg="read app's config" func="avitoIntershipBackend/internal/config.GetConfig.func1()" file="config.go:33"
time="2022-11-11T23:46:41+03:00" level=info msg="register user handler" func="main.main()" file="app.go:27"
time="2022-11-11T23:46:50+03:00" level=trace msg="SQL Query: %!s(MISSING)INSERT INTO masterBalance (fromid, serviceid, orderid, moneyamount) VALUES ($1, $2, $3, $4) RETURNING id" func="avitoIntershipBackend/internal/masterBalance/db.(*repository).Create()" file="postgresql.go:20"
time="2022-11-11T23:48:14+03:00" level=info msg="create router" func="main.main()" file="app.go:22"
time="2022-11-11T23:48:14+03:00" level=info msg="read app's config" func="avitoIntershipBackend/internal/config.GetConfig.func1()" file="config.go:33"
time="2022-11-11T23:48:14+03:00" level=info msg="register user handler" func="main.main()" file="app.go:27"
time="2022-11-11T23:48:20+03:00" level=trace msg="SQL Query: %!s(MISSING)INSERT INTO masterBalance (fromid, serviceid, orderid, moneyamount) VALUES ($1, $2, $3, $4) RETURNING id" func="avitoIntershipBackend/internal/masterBalance/db.(*repository).Create()" file="postgresql.go:20"
time="2022-11-11T23:48:25+03:00" level=trace msg="SQL Query: SELECT id, fromid, serviceid, orderid, moneyamount FROM masterbalance;" func="avitoIntershipBackend/internal/masterBalance/db.(*repository).FindAll()" file="postgresql.go:38"
time="2022-11-11T23:48:26+03:00" level=trace msg="SQL Query: SELECT id, fromid, serviceid, orderid, moneyamount FROM masterbalance WHERE id = $1" func="avitoIntershipBackend/internal/masterBalance/db.(*repository).FindOne()" file="postgresql.go:67"
time="2022-11-11T23:48:30+03:00" level=trace msg="SQL Query: UPDATE masterbalance SET fromid = $2, serviceid = $3, orderid = $4, moneyamount = $5 WHERE id = $1" func="avitoIntershipBackend/internal/masterBalance/db.(*repository).Update()" file="postgresql.go:81"
time="2022-11-11T23:48:33+03:00" level=trace msg="SQL Query: DELETE FROM masterbalance WHERE id = $1;" func="avitoIntershipBackend/internal/masterBalance/db.(*repository).Delete()" file="postgresql.go:99"
time="2022-11-11T23:48:35+03:00" level=trace msg="SQL Query: DELETE FROM \"user\" WHERE id = $1;" func="avitoIntershipBackend/internal/user/db.(*repository).Delete()" file="postgresql.go:99"
time="2022-11-11T23:48:35+03:00" level=info msg="Start application" func="main.start()" file="app.go:67"
time="2022-11-11T23:48:35+03:00" level=info msg="listen tcp" func="main.start()" file="app.go:73"
time="2022-11-11T23:48:35+03:00" level=info msg="server is listening on port 0.0.0.0:8080" func="main.start()" file="app.go:75"
time="2022-11-12T00:27:40+03:00" level=info msg="create router" func="main.main()" file="app.go:23"
time="2022-11-12T00:27:40+03:00" level=info msg="read app's config" func="avitoIntershipBackend/internal/config.GetConfig.func1()" file="config.go:33"
time="2022-11-12T00:27:40+03:00" level=info msg="register user handler" func="main.main()" file="app.go:28"
time="2022-11-12T00:27:56+03:00" level=trace msg="SQL Query: %!s(MISSING)INSERT INTO transaction (from_id, to_id, for_service, order_id, money_amount, status, date) VALUES ($1, $2, $3, $4, $5, $6, $7) RETURNING id" func="avitoIntershipBackend/internal/transaction/db.(*repository).Create()" file="postgresql.go:20"
time="2022-11-12T00:28:16+03:00" level=info msg="create router" func="main.main()" file="app.go:23"
time="2022-11-12T00:28:16+03:00" level=info msg="read app's config" func="avitoIntershipBackend/internal/config.GetConfig.func1()" file="config.go:33"
time="2022-11-12T00:28:16+03:00" level=info msg="register user handler" func="main.main()" file="app.go:28"
time="2022-11-12T00:28:22+03:00" level=trace msg="SQL Query: %!s(MISSING)INSERT INTO transaction (from_id, to_id, for_service, order_id, money_amount, status, date) VALUES ($1, $2, $3, $4, $5, $6, $7) RETURNING id" func="avitoIntershipBackend/internal/transaction/db.(*repository).Create()" file="postgresql.go:20"
time="2022-11-12T00:29:33+03:00" level=info msg="create router" func="main.main()" file="app.go:23"
time="2022-11-12T00:29:33+03:00" level=info msg="read app's config" func="avitoIntershipBackend/internal/config.GetConfig.func1()" file="config.go:33"
time="2022-11-12T00:29:33+03:00" level=info msg="register user handler" func="main.main()" file="app.go:28"
time="2022-11-12T00:29:38+03:00" level=trace msg="SQL Query: %!s(MISSING)INSERT INTO transaction (from_id, to_id, for_service, order_id, money_amount, status, date) VALUES ($1, $2, $3, $4, $5, $6, $7) RETURNING id" func="avitoIntershipBackend/internal/transaction/db.(*repository).Create()" file="postgresql.go:20"
time="2022-11-12T00:32:19+03:00" level=info msg="create router" func="main.main()" file="app.go:23"
time="2022-11-12T00:32:19+03:00" level=info msg="read app's config" func="avitoIntershipBackend/internal/config.GetConfig.func1()" file="config.go:33"
time="2022-11-12T00:32:19+03:00" level=info msg="register user handler" func="main.main()" file="app.go:28"
time="2022-11-12T00:32:25+03:00" level=trace msg="SQL Query: %!s(MISSING)INSERT INTO transaction (from_id, to_id, for_service, order_id, money_amount, status, date) VALUES ($1, $2, $3, $4, $5, $6, $7) RETURNING id" func="avitoIntershipBackend/internal/transaction/db.(*repository).Create()" file="postgresql.go:20"
time="2022-11-12T00:34:45+03:00" level=info msg="create router" func="main.main()" file="app.go:23"
time="2022-11-12T00:34:45+03:00" level=info msg="read app's config" func="avitoIntershipBackend/internal/config.GetConfig.func1()" file="config.go:33"
time="2022-11-12T00:34:45+03:00" level=info msg="register user handler" func="main.main()" file="app.go:28"
time="2022-11-12T00:35:24+03:00" level=trace msg="SQL Query: %!s(MISSING)INSERT INTO transaction (from_id, to_id, for_service, order_id, money_amount, status, date) VALUES ($1, $2, $3, $4, $5, $6, $7) RETURNING id" func="avitoIntershipBackend/internal/transaction/db.(*repository).Create()" file="postgresql.go:20"
time="2022-11-12T00:36:12+03:00" level=info msg="create router" func="main.main()" file="app.go:23"
time="2022-11-12T00:36:12+03:00" level=info msg="read app's config" func="avitoIntershipBackend/internal/config.GetConfig.func1()" file="config.go:33"
time="2022-11-12T00:36:12+03:00" level=info msg="register user handler" func="main.main()" file="app.go:28"
time="2022-11-12T00:36:25+03:00" level=trace msg="SQL Query: %!s(MISSING)INSERT INTO transaction (from_id, to_id, for_service, order_id, money_amount, status, date) VALUES ($1, $2, $3, $4, $5, $6, $7) RETURNING id" func="avitoIntershipBackend/internal/transaction/db.(*repository).Create()" file="postgresql.go:20"
time="2022-11-12T00:36:40+03:00" level=trace msg="SQL Query: SELECT id, from_id, to_id, for_service, order_id, money_amount, status, date FROM transaction;" func="avitoIntershipBackend/internal/transaction/db.(*repository).FindAll()" file="postgresql.go:38"
time="2022-11-12T00:36:40+03:00" level=trace msg="SQL Query: SELECT id, from_id, to_id, for_service, order_id, money_amount, status, date FROM transaction WHERE id = $1" func="avitoIntershipBackend/internal/transaction/db.(*repository).FindOne()" file="postgresql.go:67"
time="2022-11-12T00:36:40+03:00" level=trace msg="SQL Query: UPDATE transaction SET from_id = $2, to_id = $3, for_service = $4, order_id = $5, money_amount = $6, status = $7, date = $8 WHERE id = $1" func="avitoIntershipBackend/internal/transaction/db.(*repository).Update()" file="postgresql.go:81"
time="2022-11-12T00:36:40+03:00" level=trace msg="SQL Query: DELETE FROM transaction WHERE id = $1;" func="avitoIntershipBackend/internal/transaction/db.(*repository).Delete()" file="postgresql.go:99"
time="2022-11-12T00:36:40+03:00" level=trace msg="SQL Query: DELETE FROM \"user\" WHERE id = $1;" func="avitoIntershipBackend/internal/user/db.(*repository).Delete()" file="postgresql.go:99"
time="2022-11-12T00:36:40+03:00" level=info msg="Start application" func="main.start()" file="app.go:71"
time="2022-11-12T00:36:40+03:00" level=info msg="listen tcp" func="main.start()" file="app.go:77"
time="2022-11-12T00:36:40+03:00" level=info msg="server is listening on port 0.0.0.0:8080" func="main.start()" file="app.go:79"
time="2022-11-12T00:37:34+03:00" level=info msg="create router" func="main.main()" file="app.go:23"
time="2022-11-12T00:37:34+03:00" level=info msg="read app's config" func="avitoIntershipBackend/internal/config.GetConfig.func1()" file="config.go:33"
time="2022-11-12T00:37:34+03:00" level=info msg="register user handler" func="main.main()" file="app.go:28"
time="2022-11-12T00:37:44+03:00" level=trace msg="SQL Query: %!s(MISSING)INSERT INTO transaction (from_id, to_id, for_service, order_id, money_amount, status, date) VALUES ($1, $2, $3, $4, $5, $6, $7) RETURNING id" func="avitoIntershipBackend/internal/transaction/db.(*repository).Create()" file="postgresql.go:20"
time="2022-11-12T00:41:48+03:00" level=info msg="create router" func="main.main()" file="app.go:23"
time="2022-11-12T00:41:48+03:00" level=info msg="read app's config" func="avitoIntershipBackend/internal/config.GetConfig.func1()" file="config.go:33"
time="2022-11-12T00:41:48+03:00" level=info msg="register user handler" func="main.main()" file="app.go:28"
time="2022-11-12T00:41:52+03:00" level=trace msg="SQL Query: %!s(MISSING)INSERT INTO transaction (from_id, to_id, for_service, order_id, money_amount, status, date) VALUES ($1, $2, $3, $4, $5, $6, $7) RETURNING id" func="avitoIntershipBackend/internal/transaction/db.(*repository).Create()" file="postgresql.go:20"
time="2022-11-12T00:52:14+03:00" level=info msg="create router" func="main.main()" file="app.go:22"
time="2022-11-12T00:52:14+03:00" level=info msg="read app's config" func="avitoIntershipBackend/internal/config.GetConfig.func1()" file="config.go:33"
time="2022-11-12T00:52:14+03:00" level=info msg="register user handler" func="main.main()" file="app.go:27"
time="2022-11-12T00:52:24+03:00" level=trace msg="SQL Query: %!s(MISSING)INSERT INTO transaction (from_id, to_id, for_service, order_id, money_amount, status) VALUES ($1, $2, $3, $4, $5, $6) RETURNING id" func="avitoIntershipBackend/internal/transaction/db.(*repository).Create()" file="postgresql.go:20"
time="2022-11-12T00:52:36+03:00" level=trace msg="SQL Query: SELECT id, from_id, to_id, for_service, order_id, money_amount, status, date FROM transaction;" func="avitoIntershipBackend/internal/transaction/db.(*repository).FindAll()" file="postgresql.go:38"
time="2022-11-12T00:52:36+03:00" level=trace msg="SQL Query: SELECT id, from_id, to_id, for_service, order_id, money_amount, status, date FROM transaction WHERE id = $1" func="avitoIntershipBackend/internal/transaction/db.(*repository).FindOne()" file="postgresql.go:67"
time="2022-11-12T00:52:44+03:00" level=trace msg="SQL Query: UPDATE transaction SET from_id = $2, to_id = $3, for_service = $4, order_id = $5, money_amount = $6, status = $7, date = $8 WHERE id = $1" func="avitoIntershipBackend/internal/transaction/db.(*repository).Update()" file="postgresql.go:81"
time="2022-11-12T00:52:45+03:00" level=trace msg="SQL Query: DELETE FROM transaction WHERE id = $1;" func="avitoIntershipBackend/internal/transaction/db.(*repository).Delete()" file="postgresql.go:99"
time="2022-11-12T00:53:29+03:00" level=info msg="create router" func="main.main()" file="app.go:22"
time="2022-11-12T00:53:29+03:00" level=info msg="read app's config" func="avitoIntershipBackend/internal/config.GetConfig.func1()" file="config.go:33"
time="2022-11-12T00:53:29+03:00" level=info msg="register user handler" func="main.main()" file="app.go:27"
time="2022-11-12T00:53:36+03:00" level=trace msg="SQL Query: %!s(MISSING)INSERT INTO transaction (from_id, to_id, for_service, order_id, money_amount, status) VALUES ($1, $2, $3, $4, $5, $6) RETURNING id" func="avitoIntershipBackend/internal/transaction/db.(*repository).Create()" file="postgresql.go:20"
time="2022-11-12T00:53:36+03:00" level=trace msg="SQL Query: SELECT id, from_id, to_id, for_service, order_id, money_amount, status, date FROM transaction;" func="avitoIntershipBackend/internal/transaction/db.(*repository).FindAll()" file="postgresql.go:38"
time="2022-11-12T00:53:37+03:00" level=trace msg="SQL Query: SELECT id, from_id, to_id, for_service, order_id, money_amount, status, date FROM transaction WHERE id = $1" func="avitoIntershipBackend/internal/transaction/db.(*repository).FindOne()" file="postgresql.go:67"
time="2022-11-12T00:53:45+03:00" level=trace msg="SQL Query: UPDATE transaction SET from_id = $2, to_id = $3, for_service = $4, order_id = $5, money_amount = $6, status = $7, date = $8 WHERE id = $1" func="avitoIntershipBackend/internal/transaction/db.(*repository).Update()" file="postgresql.go:81"
time="2022-11-12T00:53:45+03:00" level=trace msg="SQL Query: DELETE FROM transaction WHERE id = $1;" func="avitoIntershipBackend/internal/transaction/db.(*repository).Delete()" file="postgresql.go:99"
time="2022-11-12T00:53:45+03:00" level=trace msg="SQL Query: DELETE FROM \"user\" WHERE id = $1;" func="avitoIntershipBackend/internal/user/db.(*repository).Delete()" file="postgresql.go:99"
time="2022-11-12T00:53:45+03:00" level=info msg="Start application" func="main.start()" file="app.go:69"
time="2022-11-12T00:53:45+03:00" level=info msg="listen tcp" func="main.start()" file="app.go:75"
time="2022-11-12T00:53:45+03:00" level=info msg="server is listening on port 0.0.0.0:8080" func="main.start()" file="app.go:77"
